<?xml version="1.0" encoding="UTF-8"?>
<testng-results ignored="0" total="2" passed="2" failed="0" skipped="0">
  <reporter-output>
  </reporter-output>
  <suite started-at="2025-05-21T16:29:27 IST" name="OrangeHRM Test Suite" finished-at="2025-05-21T16:29:51 IST" duration-ms="24822">
    <groups>
    </groups>
    <test started-at="2025-05-21T16:29:27 IST" name="Login Test" finished-at="2025-05-21T16:29:51 IST" duration-ms="24822">
      <class name="tests.LoginTest">
        <test-method is-config="true" signature="setup()[pri:0, instance:tests.LoginTest@5af3afd9]" started-at="2025-05-21T16:29:28 IST" name="setup" finished-at="2025-05-21T16:29:43 IST" duration-ms="15361" status="PASS">
          <reporter-output>
          </reporter-output>
        </test-method> <!-- setup -->
        <test-method signature="loginTest(java.lang.String,java.lang.String)[pri:0, instance:tests.LoginTest@5af3afd9]" started-at="2025-05-21T16:29:43 IST" name="loginTest" data-provider="loginData" finished-at="2025-05-21T16:29:45 IST" duration-ms="1563" status="PASS">
          <params>
            <param index="0">
              <value>
                <![CDATA[Admin]]>
              </value>
            </param>
            <param index="1">
              <value>
                <![CDATA[admin123]]>
              </value>
            </param>
          </params>
          <reporter-output>
          </reporter-output>
        </test-method> <!-- loginTest -->
        <test-method is-config="true" signature="tearDown()[pri:0, instance:tests.LoginTest@5af3afd9]" started-at="2025-05-21T16:29:45 IST" name="tearDown" finished-at="2025-05-21T16:29:45 IST" duration-ms="274" status="PASS">
          <reporter-output>
          </reporter-output>
        </test-method> <!-- tearDown -->
        <test-method is-config="true" signature="setup()[pri:0, instance:tests.LoginTest@5af3afd9]" started-at="2025-05-21T16:29:45 IST" name="setup" finished-at="2025-05-21T16:29:50 IST" duration-ms="4835" status="PASS">
          <reporter-output>
          </reporter-output>
        </test-method> <!-- setup -->
        <test-method signature="loginTest(java.lang.String,java.lang.String)[pri:0, instance:tests.LoginTest@5af3afd9]" started-at="2025-05-21T16:29:50 IST" name="loginTest" data-provider="loginData" finished-at="2025-05-21T16:29:51 IST" duration-ms="950" status="PASS">
          <params>
            <param index="0">
              <value>
                <![CDATA[dummy]]>
              </value>
            </param>
            <param index="1">
              <value>
                <![CDATA[wrongpass]]>
              </value>
            </param>
          </params>
          <reporter-output>
          </reporter-output>
        </test-method> <!-- loginTest -->
        <test-method is-config="true" signature="tearDown()[pri:0, instance:tests.LoginTest@5af3afd9]" started-at="2025-05-21T16:29:51 IST" name="tearDown" finished-at="2025-05-21T16:29:51 IST" duration-ms="276" status="PASS">
          <reporter-output>
          </reporter-output>
        </test-method> <!-- tearDown -->
      </class> <!-- tests.LoginTest -->
    </test> <!-- Login Test -->
  </suite> <!-- OrangeHRM Test Suite -->
</testng-results>
