<?xml version="1.0" encoding="UTF-8"?>
<testng-results ignored="0" total="1" passed="1" failed="0" skipped="0">
  <reporter-output>
  </reporter-output>
  <suite started-at="2025-05-21T09:22:37 IST" name="OrangeHRM Test Suite" finished-at="2025-05-21T09:22:51 IST" duration-ms="13980">
    <groups>
    </groups>
    <test started-at="2025-05-21T09:22:37 IST" name="Login Test" finished-at="2025-05-21T09:22:51 IST" duration-ms="13980">
      <class name="tests.LoginTest">
        <test-method is-config="true" signature="setup()[pri:0, instance:tests.LoginTest@4d9e68d0]" started-at="2025-05-21T09:22:37 IST" name="setup" finished-at="2025-05-21T09:22:48 IST" duration-ms="10672" status="PASS">
          <reporter-output>
          </reporter-output>
        </test-method> <!-- setup -->
        <test-method signature="testValidLogin()[pri:0, instance:tests.LoginTest@4d9e68d0]" started-at="2025-05-21T09:22:48 IST" name="testValidLogin" finished-at="2025-05-21T09:22:51 IST" duration-ms="2965" status="PASS">
          <reporter-output>
          </reporter-output>
        </test-method> <!-- testValidLogin -->
        <test-method is-config="true" signature="tearDown()[pri:0, instance:tests.LoginTest@4d9e68d0]" started-at="2025-05-21T09:22:51 IST" name="tearDown" finished-at="2025-05-21T09:22:51 IST" duration-ms="289" status="PASS">
          <reporter-output>
          </reporter-output>
        </test-method> <!-- tearDown -->
      </class> <!-- tests.LoginTest -->
    </test> <!-- Login Test -->
  </suite> <!-- OrangeHRM Test Suite -->
</testng-results>
