<?xml version="1.0" encoding="UTF-8"?>
<!-- Generated by org.testng.reporters.JUnitXMLReporter -->
<testsuite ignored="0" hostname="Akash_Laptop" failures="1" tests="1" name="Login Test" time="0.074" errors="0" timestamp="2025-05-21T16:09:47 IST">
  <testcase classname="tests.LoginTest" name="loginTest" time="0.0">
    <failure type="org.testng.TestNGException" message="
Data Provider public java.lang.Object[][] tests.LoginTest.getData() returned a null value">
      <![CDATA[org.testng.TestNGException: 
Data Provider public java.lang.Object[][] tests.LoginTest.getData() returned a null value
at java.base/java.util.ArrayList.forEach(ArrayList.java:1596)
... Removed 24 stack frames]]>
    </failure>
  </testcase> <!-- loginTest -->
</testsuite> <!-- Login Test -->
