<?xml version="1.0" encoding="UTF-8"?>
<testng-results ignored="0" total="2" passed="2" failed="0" skipped="0">
  <reporter-output>
  </reporter-output>
  <suite started-at="2025-05-21T16:24:03 IST" name="Default suite" finished-at="2025-05-21T16:24:42 IST" duration-ms="39253">
    <groups>
    </groups>
    <test started-at="2025-05-21T16:24:03 IST" name="Default test" finished-at="2025-05-21T16:24:42 IST" duration-ms="39253">
      <class name="tests.LoginTest">
        <test-method is-config="true" signature="setup()[pri:0, instance:tests.LoginTest@43bc63a3]" started-at="2025-05-21T16:24:04 IST" name="setup" finished-at="2025-05-21T16:24:26 IST" duration-ms="22212" status="PASS">
          <reporter-output>
          </reporter-output>
        </test-method> <!-- setup -->
        <test-method signature="loginTest(java.lang.String,java.lang.String)[pri:0, instance:tests.LoginTest@43bc63a3]" started-at="2025-05-21T16:24:26 IST" name="loginTest" data-provider="loginData" finished-at="2025-05-21T16:24:28 IST" duration-ms="1606" status="PASS">
          <params>
            <param index="0">
              <value>
                <![CDATA[Admin]]>
              </value>
            </param>
            <param index="1">
              <value>
                <![CDATA[admin123]]>
              </value>
            </param>
          </params>
          <reporter-output>
          </reporter-output>
        </test-method> <!-- loginTest -->
        <test-method is-config="true" signature="tearDown()[pri:0, instance:tests.LoginTest@43bc63a3]" started-at="2025-05-21T16:24:28 IST" name="tearDown" finished-at="2025-05-21T16:24:28 IST" duration-ms="293" status="PASS">
          <reporter-output>
          </reporter-output>
        </test-method> <!-- tearDown -->
        <test-method is-config="true" signature="setup()[pri:0, instance:tests.LoginTest@43bc63a3]" started-at="2025-05-21T16:24:28 IST" name="setup" finished-at="2025-05-21T16:24:40 IST" duration-ms="11224" status="PASS">
          <reporter-output>
          </reporter-output>
        </test-method> <!-- setup -->
        <test-method signature="loginTest(java.lang.String,java.lang.String)[pri:0, instance:tests.LoginTest@43bc63a3]" started-at="2025-05-21T16:24:40 IST" name="loginTest" data-provider="loginData" finished-at="2025-05-21T16:24:42 IST" duration-ms="1900" status="PASS">
          <params>
            <param index="0">
              <value>
                <![CDATA[dummy]]>
              </value>
            </param>
            <param index="1">
              <value>
                <![CDATA[wrongpass]]>
              </value>
            </param>
          </params>
          <reporter-output>
          </reporter-output>
        </test-method> <!-- loginTest -->
        <test-method is-config="true" signature="tearDown()[pri:0, instance:tests.LoginTest@43bc63a3]" started-at="2025-05-21T16:24:42 IST" name="tearDown" finished-at="2025-05-21T16:24:42 IST" duration-ms="273" status="PASS">
          <reporter-output>
          </reporter-output>
        </test-method> <!-- tearDown -->
      </class> <!-- tests.LoginTest -->
    </test> <!-- Default test -->
  </suite> <!-- Default suite -->
</testng-results>
