<?xml version="1.0" encoding="UTF-8"?>
<testng-results ignored="0" total="2" passed="2" failed="0" skipped="0">
  <reporter-output>
  </reporter-output>
  <suite started-at="2025-05-21T18:46:08 IST" name="Default suite" finished-at="2025-05-21T18:46:43 IST" duration-ms="34813">
    <groups>
    </groups>
    <test started-at="2025-05-21T18:46:08 IST" name="Default test" finished-at="2025-05-21T18:46:43 IST" duration-ms="34813">
      <class name="tests.LoginTest">
        <test-method is-config="true" signature="setup()[pri:0, instance:tests.LoginTest@6025e1b6]" started-at="2025-05-21T18:46:09 IST" name="setup" finished-at="2025-05-21T18:46:14 IST" duration-ms="5743" status="PASS">
          <reporter-output>
          </reporter-output>
        </test-method> <!-- setup -->
        <test-method signature="loginTest(java.lang.String,java.lang.String)[pri:0, instance:tests.LoginTest@6025e1b6]" started-at="2025-05-21T18:46:14 IST" name="loginTest" data-provider="loginData" finished-at="2025-05-21T18:46:17 IST" duration-ms="2804" status="PASS">
          <params>
            <param index="0">
              <value>
                <![CDATA[Admin]]>
              </value>
            </param>
            <param index="1">
              <value>
                <![CDATA[admin123]]>
              </value>
            </param>
          </params>
          <reporter-output>
          </reporter-output>
        </test-method> <!-- loginTest -->
        <test-method is-config="true" signature="tearDown()[pri:0, instance:tests.LoginTest@6025e1b6]" started-at="2025-05-21T18:46:17 IST" name="tearDown" finished-at="2025-05-21T18:46:17 IST" duration-ms="192" status="PASS">
          <reporter-output>
          </reporter-output>
        </test-method> <!-- tearDown -->
        <test-method is-config="true" signature="setup()[pri:0, instance:tests.LoginTest@6025e1b6]" started-at="2025-05-21T18:46:17 IST" name="setup" finished-at="2025-05-21T18:46:22 IST" duration-ms="4134" status="PASS">
          <reporter-output>
          </reporter-output>
        </test-method> <!-- setup -->
        <test-method signature="loginTest(java.lang.String,java.lang.String)[pri:0, instance:tests.LoginTest@6025e1b6]" started-at="2025-05-21T18:46:22 IST" name="loginTest" data-provider="loginData" finished-at="2025-05-21T18:46:42 IST" duration-ms="20831" status="PASS">
          <params>
            <param index="0">
              <value>
                <![CDATA[dummy]]>
              </value>
            </param>
            <param index="1">
              <value>
                <![CDATA[wrongpass]]>
              </value>
            </param>
          </params>
          <reporter-output>
          </reporter-output>
        </test-method> <!-- loginTest -->
        <test-method is-config="true" signature="tearDown()[pri:0, instance:tests.LoginTest@6025e1b6]" started-at="2025-05-21T18:46:42 IST" name="tearDown" finished-at="2025-05-21T18:46:43 IST" duration-ms="168" status="PASS">
          <reporter-output>
          </reporter-output>
        </test-method> <!-- tearDown -->
      </class> <!-- tests.LoginTest -->
    </test> <!-- Default test -->
  </suite> <!-- Default suite -->
</testng-results>
